Build started 03/03/2015 2:26:54 PM.
Project "C:\Users\jsemaan\Documents\GitHub\udp-reflector\windows\udp_reflector\udp_reflector\udp_reflector.vcxproj" on node 2 (build target(s)).
InitializeBuildStatus:
  Creating "Release\udp_reflector.unsuccessfulbuild" because "AlwaysCreate" was specified.
ClCompile:
  C:\Program Files (x86)\Microsoft Visual Studio 10.0\VC\bin\CL.exe /c /I"C:\Users\jsemaan\Documents\GitHub\udp-reflector\windows\udp_reflector\\udp_reflector\include" /Zi /nologo /W3 /WX- /O2 /Oi /Oy- /GL /D WIN32 /D NDEBUG /D _CONSOLE /D _UNICODE /D UNICODE /Gm- /EHsc /MD /GS /Gy /fp:precise /Zc:wchar_t /Zc:forScope /Fo"Release\\" /Fd"Release\vc100.pdb" /Gd /TP /analyze- /errorReport:prompt udp_reflector.cpp
  udp_reflector.cpp
Link:
  C:\Program Files (x86)\Microsoft Visual Studio 10.0\VC\bin\link.exe /ERRORREPORT:PROMPT /OUT:"C:\Users\jsemaan\Documents\GitHub\udp-reflector\windows\udp_reflector\Release\udp_reflector.exe" /INCREMENTAL:NO /NOLOGO kernel32.lib user32.lib gdi32.lib winspool.lib comdlg32.lib advapi32.lib shell32.lib ole32.lib oleaut32.lib uuid.lib odbc32.lib odbccp32.lib ws2_32.lib lib\wpcap.lib kernel32.lib user32.lib gdi32.lib winspool.lib comdlg32.lib advapi32.lib shell32.lib ole32.lib oleaut32.lib uuid.lib odbc32.lib odbccp32.lib /MANIFEST /ManifestFile:"Release\udp_reflector.exe.intermediate.manifest" /MANIFESTUAC:"level='asInvoker' uiAccess='false'" /DEBUG /PDB:"C:\Users\jsemaan\Documents\GitHub\udp-reflector\windows\udp_reflector\Release\udp_reflector.pdb" /SUBSYSTEM:CONSOLE /OPT:REF /OPT:ICF /LTCG /TLBID:1 /DYNAMICBASE /NXCOMPAT /IMPLIB:"C:\Users\jsemaan\Documents\GitHub\udp-reflector\windows\udp_reflector\Release\udp_reflector.lib" /MACHINE:X86 Release\udp_reflector.obj
  Generating code
  Finished generating code
  udp_reflector.vcxproj -> C:\Users\jsemaan\Documents\GitHub\udp-reflector\windows\udp_reflector\Release\udp_reflector.exe
Manifest:
  C:\Program Files (x86)\Microsoft SDKs\Windows\v7.0A\bin\mt.exe /nologo /verbose /outputresource:"C:\Users\jsemaan\Documents\GitHub\udp-reflector\windows\udp_reflector\Release\udp_reflector.exe;#1" /manifest Release\udp_reflector.exe.intermediate.manifest
FinalizeBuildStatus:
  Deleting file "Release\udp_reflector.unsuccessfulbuild".
  Touching "Release\udp_reflector.lastbuildstate".
Done Building Project "C:\Users\jsemaan\Documents\GitHub\udp-reflector\windows\udp_reflector\udp_reflector\udp_reflector.vcxproj" (build target(s)).

Build succeeded.

Time Elapsed 00:00:01.80
